<?xml version="1.0" encoding="UTF-8"?>
<testsuite name="com.survivingcodingbootcamp.blog.integration.JpaWiringTest" tests="1" skipped="0" failures="0" errors="0" timestamp="2021-08-01T23:09:04" hostname="LAPTOP-N505ON58" time="0.727">
  <properties/>
  <testcase name="postsShouldHaveATopic()" classname="com.survivingcodingbootcamp.blog.integration.JpaWiringTest" time="0.727"/>
  <system-out><![CDATA[19:08:55.505 [Test worker] DEBUG org.springframework.test.context.BootstrapUtils - Instantiating CacheAwareContextLoaderDelegate from class [org.springframework.test.context.cache.DefaultCacheAwareContextLoaderDelegate]
19:08:55.530 [Test worker] DEBUG org.springframework.test.context.BootstrapUtils - Instantiating BootstrapContext using constructor [public org.springframework.test.context.support.DefaultBootstrapContext(java.lang.Class,org.springframework.test.context.CacheAwareContextLoaderDelegate)]
19:08:55.598 [Test worker] DEBUG org.springframework.test.context.BootstrapUtils - Instantiating TestContextBootstrapper for test class [com.survivingcodingbootcamp.blog.integration.JpaWiringTest] from class [org.springframework.boot.test.autoconfigure.orm.jpa.DataJpaTestContextBootstrapper]
19:08:55.627 [Test worker] INFO org.springframework.boot.test.autoconfigure.orm.jpa.DataJpaTestContextBootstrapper - Neither @ContextConfiguration nor @ContextHierarchy found for test class [com.survivingcodingbootcamp.blog.integration.JpaWiringTest], using SpringBootContextLoader
19:08:55.638 [Test worker] DEBUG org.springframework.test.context.support.AbstractContextLoader - Did not detect default resource location for test class [com.survivingcodingbootcamp.blog.integration.JpaWiringTest]: class path resource [com/survivingcodingbootcamp/blog/integration/JpaWiringTest-context.xml] does not exist
19:08:55.640 [Test worker] DEBUG org.springframework.test.context.support.AbstractContextLoader - Did not detect default resource location for test class [com.survivingcodingbootcamp.blog.integration.JpaWiringTest]: class path resource [com/survivingcodingbootcamp/blog/integration/JpaWiringTestContext.groovy] does not exist
19:08:55.640 [Test worker] INFO org.springframework.test.context.support.AbstractContextLoader - Could not detect default resource locations for test class [com.survivingcodingbootcamp.blog.integration.JpaWiringTest]: no resource found for suffixes {-context.xml, Context.groovy}.
19:08:55.642 [Test worker] INFO org.springframework.test.context.support.AnnotationConfigContextLoaderUtils - Could not detect default configuration classes for test class [com.survivingcodingbootcamp.blog.integration.JpaWiringTest]: JpaWiringTest does not declare any static, non-private, non-final, nested classes annotated with @Configuration.
19:08:55.766 [Test worker] DEBUG org.springframework.test.context.support.ActiveProfilesUtils - Could not find an 'annotation declaring class' for annotation type [org.springframework.test.context.ActiveProfiles] and class [com.survivingcodingbootcamp.blog.integration.JpaWiringTest]
19:08:56.054 [Test worker] DEBUG org.springframework.context.annotation.ClassPathScanningCandidateComponentProvider - Identified candidate component class: file [C:\Users\wcci5\Desktop\CodingStuff\mastery-project\mastery-project-micaeladiloreto\build\classes\java\main\com\survivingcodingbootcamp\blog\BlogApplication.class]
19:08:56.063 [Test worker] INFO org.springframework.boot.test.context.SpringBootTestContextBootstrapper - Found @SpringBootConfiguration com.survivingcodingbootcamp.blog.BlogApplication for test class com.survivingcodingbootcamp.blog.integration.JpaWiringTest
19:08:56.083 [Test worker] DEBUG org.springframework.boot.test.autoconfigure.orm.jpa.DataJpaTestContextBootstrapper - @TestExecutionListeners is not present for class [com.survivingcodingbootcamp.blog.integration.JpaWiringTest]: using defaults.
19:08:56.085 [Test worker] INFO org.springframework.boot.test.autoconfigure.orm.jpa.DataJpaTestContextBootstrapper - Loaded default TestExecutionListener class names from location [META-INF/spring.factories]: [org.springframework.boot.test.autoconfigure.restdocs.RestDocsTestExecutionListener, org.springframework.boot.test.autoconfigure.web.client.MockRestServiceServerResetTestExecutionListener, org.springframework.boot.test.autoconfigure.web.servlet.MockMvcPrintOnlyOnFailureTestExecutionListener, org.springframework.boot.test.autoconfigure.web.servlet.WebDriverTestExecutionListener, org.springframework.boot.test.autoconfigure.webservices.client.MockWebServiceServerTestExecutionListener, org.springframework.boot.test.mock.mockito.MockitoTestExecutionListener, org.springframework.boot.test.mock.mockito.ResetMocksTestExecutionListener, org.springframework.test.context.web.ServletTestExecutionListener, org.springframework.test.context.support.DirtiesContextBeforeModesTestExecutionListener, org.springframework.test.context.event.ApplicationEventsTestExecutionListener, org.springframework.test.context.support.DependencyInjectionTestExecutionListener, org.springframework.test.context.support.DirtiesContextTestExecutionListener, org.springframework.test.context.transaction.TransactionalTestExecutionListener, org.springframework.test.context.jdbc.SqlScriptsTestExecutionListener, org.springframework.test.context.event.EventPublishingTestExecutionListener]
19:08:56.147 [Test worker] INFO org.springframework.boot.test.autoconfigure.orm.jpa.DataJpaTestContextBootstrapper - Using TestExecutionListeners: [org.springframework.test.context.web.ServletTestExecutionListener@506a98c, org.springframework.test.context.support.DirtiesContextBeforeModesTestExecutionListener@460f6e68, org.springframework.test.context.event.ApplicationEventsTestExecutionListener@5e15b5a2, org.springframework.boot.test.mock.mockito.MockitoTestExecutionListener@21ee6e86, org.springframework.boot.test.autoconfigure.SpringBootDependencyInjectionTestExecutionListener@1114f9fe, org.springframework.test.context.support.DirtiesContextTestExecutionListener@2c55a99a, org.springframework.test.context.transaction.TransactionalTestExecutionListener@5f9eb117, org.springframework.test.context.jdbc.SqlScriptsTestExecutionListener@dd67e3c, org.springframework.test.context.event.EventPublishingTestExecutionListener@3bbbbd71, org.springframework.boot.test.autoconfigure.restdocs.RestDocsTestExecutionListener@3a23dae5, org.springframework.boot.test.autoconfigure.web.client.MockRestServiceServerResetTestExecutionListener@109fd2bf, org.springframework.boot.test.autoconfigure.web.servlet.MockMvcPrintOnlyOnFailureTestExecutionListener@2e86690e, org.springframework.boot.test.autoconfigure.web.servlet.WebDriverTestExecutionListener@4830099a, org.springframework.boot.test.autoconfigure.webservices.client.MockWebServiceServerTestExecutionListener@6c60168b, org.springframework.boot.test.mock.mockito.ResetMocksTestExecutionListener@2843b92]
19:08:56.162 [Test worker] DEBUG org.springframework.test.context.support.AbstractDirtiesContextTestExecutionListener - Before test class: context [DefaultTestContext@8e6361a testClass = JpaWiringTest, testInstance = [null], testMethod = [null], testException = [null], mergedContextConfiguration = [MergedContextConfiguration@1fc4e15c testClass = JpaWiringTest, locations = '{}', classes = '{class com.survivingcodingbootcamp.blog.BlogApplication}', contextInitializerClasses = '[]', activeProfiles = '{}', propertySourceLocations = '{}', propertySourceProperties = '{org.springframework.boot.test.autoconfigure.orm.jpa.DataJpaTestContextBootstrapper=true}', contextCustomizers = set[org.springframework.boot.test.autoconfigure.OverrideAutoConfigurationContextCustomizerFactory$DisableAutoConfigurationContextCustomizer@10d98d9c, org.springframework.boot.test.autoconfigure.actuate.metrics.MetricsExportContextCustomizerFactory$DisableMetricExportContextCustomizer@51b3ffdc, org.springframework.boot.test.autoconfigure.filter.TypeExcludeFiltersContextCustomizer@351584c0, org.springframework.boot.test.autoconfigure.properties.PropertyMappingContextCustomizer@b119fffa, org.springframework.boot.test.autoconfigure.web.servlet.WebDriverContextCustomizerFactory$Customizer@2121f64a, [ImportsContextCustomizer@5895dac7 key = [org.springframework.boot.autoconfigure.cache.CacheAutoConfiguration, org.springframework.boot.autoconfigure.data.jpa.JpaRepositoriesAutoConfiguration, org.springframework.boot.autoconfigure.flyway.FlywayAutoConfiguration, org.springframework.boot.autoconfigure.jdbc.DataSourceAutoConfiguration, org.springframework.boot.autoconfigure.jdbc.DataSourceTransactionManagerAutoConfiguration, org.springframework.boot.autoconfigure.jdbc.JdbcTemplateAutoConfiguration, org.springframework.boot.autoconfigure.liquibase.LiquibaseAutoConfiguration, org.springframework.boot.autoconfigure.orm.jpa.HibernateJpaAutoConfiguration, org.springframework.boot.autoconfigure.transaction.TransactionAutoConfiguration, org.springframework.boot.test.autoconfigure.jdbc.TestDatabaseAutoConfiguration, org.springframework.boot.test.autoconfigure.orm.jpa.TestEntityManagerAutoConfiguration]], org.springframework.boot.test.context.filter.ExcludeFilterContextCustomizer@79737661, org.springframework.boot.test.json.DuplicateJsonObjectContextCustomizerFactory$DuplicateJsonObjectContextCustomizer@6f7a9862, org.springframework.boot.test.mock.mockito.MockitoContextCustomizer@0, org.springframework.boot.test.context.SpringBootTestArgs@1, org.springframework.boot.test.context.SpringBootTestWebEnvironment@0], contextLoader = 'org.springframework.boot.test.context.SpringBootContextLoader', parent = [null]], attributes = map[[empty]]], class annotated with @DirtiesContext [false] with mode [null].
19:08:56.195 [Test worker] DEBUG org.springframework.test.context.support.DependencyInjectionTestExecutionListener - Performing dependency injection for test context [[DefaultTestContext@8e6361a testClass = JpaWiringTest, testInstance = com.survivingcodingbootcamp.blog.integration.JpaWiringTest@4d04c0fc, testMethod = [null], testException = [null], mergedContextConfiguration = [MergedContextConfiguration@1fc4e15c testClass = JpaWiringTest, locations = '{}', classes = '{class com.survivingcodingbootcamp.blog.BlogApplication}', contextInitializerClasses = '[]', activeProfiles = '{}', propertySourceLocations = '{}', propertySourceProperties = '{org.springframework.boot.test.autoconfigure.orm.jpa.DataJpaTestContextBootstrapper=true}', contextCustomizers = set[org.springframework.boot.test.autoconfigure.OverrideAutoConfigurationContextCustomizerFactory$DisableAutoConfigurationContextCustomizer@10d98d9c, org.springframework.boot.test.autoconfigure.actuate.metrics.MetricsExportContextCustomizerFactory$DisableMetricExportContextCustomizer@51b3ffdc, org.springframework.boot.test.autoconfigure.filter.TypeExcludeFiltersContextCustomizer@351584c0, org.springframework.boot.test.autoconfigure.properties.PropertyMappingContextCustomizer@b119fffa, org.springframework.boot.test.autoconfigure.web.servlet.WebDriverContextCustomizerFactory$Customizer@2121f64a, [ImportsContextCustomizer@5895dac7 key = [org.springframework.boot.autoconfigure.cache.CacheAutoConfiguration, org.springframework.boot.autoconfigure.data.jpa.JpaRepositoriesAutoConfiguration, org.springframework.boot.autoconfigure.flyway.FlywayAutoConfiguration, org.springframework.boot.autoconfigure.jdbc.DataSourceAutoConfiguration, org.springframework.boot.autoconfigure.jdbc.DataSourceTransactionManagerAutoConfiguration, org.springframework.boot.autoconfigure.jdbc.JdbcTemplateAutoConfiguration, org.springframework.boot.autoconfigure.liquibase.LiquibaseAutoConfiguration, org.springframework.boot.autoconfigure.orm.jpa.HibernateJpaAutoConfiguration, org.springframework.boot.autoconfigure.transaction.TransactionAutoConfiguration, org.springframework.boot.test.autoconfigure.jdbc.TestDatabaseAutoConfiguration, org.springframework.boot.test.autoconfigure.orm.jpa.TestEntityManagerAutoConfiguration]], org.springframework.boot.test.context.filter.ExcludeFilterContextCustomizer@79737661, org.springframework.boot.test.json.DuplicateJsonObjectContextCustomizerFactory$DuplicateJsonObjectContextCustomizer@6f7a9862, org.springframework.boot.test.mock.mockito.MockitoContextCustomizer@0, org.springframework.boot.test.context.SpringBootTestArgs@1, org.springframework.boot.test.context.SpringBootTestWebEnvironment@0], contextLoader = 'org.springframework.boot.test.context.SpringBootContextLoader', parent = [null]], attributes = map['org.springframework.test.context.event.ApplicationEventsTestExecutionListener.recordApplicationEvents' -> false]]].
19:08:56.296 [Test worker] DEBUG org.springframework.test.context.support.TestPropertySourceUtils - Adding inlined properties to environment: {spring.jmx.enabled=false, org.springframework.boot.test.autoconfigure.orm.jpa.DataJpaTestContextBootstrapper=true}

  .   ____          _            __ _ _
 /\\ / ___'_ __ _ _(_)_ __  __ _ \ \ \ \
( ( )\___ | '_ | '_| | '_ \/ _` | \ \ \ \
 \\/  ___)| |_)| | | | | || (_| |  ) ) ) )
  '  |____| .__|_| |_|_| |_\__, | / / / /
 =========|_|==============|___/=/_/_/_/
 :: Spring Boot ::                (v2.4.2)

2021-08-01 19:08:57.300  INFO 16896 --- [    Test worker] c.s.blog.integration.JpaWiringTest       : Starting JpaWiringTest using Java 11.0.10 on LAPTOP-N505ON58 with PID 16896 (started by Student in C:\Users\wcci5\Desktop\CodingStuff\mastery-project\mastery-project-micaeladiloreto)
2021-08-01 19:08:57.306  INFO 16896 --- [    Test worker] c.s.blog.integration.JpaWiringTest       : No active profile set, falling back to default profiles: default
2021-08-01 19:08:58.441  INFO 16896 --- [    Test worker] .s.d.r.c.RepositoryConfigurationDelegate : Bootstrapping Spring Data JPA repositories in DEFAULT mode.
2021-08-01 19:08:58.593  INFO 16896 --- [    Test worker] .s.d.r.c.RepositoryConfigurationDelegate : Finished Spring Data repository scanning in 130 ms. Found 3 JPA repository interfaces.
2021-08-01 19:08:58.700  INFO 16896 --- [    Test worker] beddedDataSourceBeanFactoryPostProcessor : Replacing 'dataSource' DataSource bean with embedded version
2021-08-01 19:08:59.087  INFO 16896 --- [    Test worker] o.s.j.d.e.EmbeddedDatabaseFactory        : Starting embedded database: url='jdbc:h2:mem:b5091217-6f92-4b5d-a9ed-bf93a0ba90b8;DB_CLOSE_DELAY=-1;DB_CLOSE_ON_EXIT=false', username='sa'
2021-08-01 19:09:00.407  INFO 16896 --- [    Test worker] o.hibernate.jpa.internal.util.LogHelper  : HHH000204: Processing PersistenceUnitInfo [name: default]
2021-08-01 19:09:00.560  INFO 16896 --- [    Test worker] org.hibernate.Version                    : HHH000412: Hibernate ORM core version 5.4.27.Final
2021-08-01 19:09:00.872  INFO 16896 --- [    Test worker] o.hibernate.annotations.common.Version   : HCANN000001: Hibernate Commons Annotations {5.1.2.Final}
2021-08-01 19:09:01.227  INFO 16896 --- [    Test worker] org.hibernate.dialect.Dialect            : HHH000400: Using dialect: org.hibernate.dialect.H2Dialect
Hibernate: drop table if exists hashtag CASCADE 
Hibernate: drop table if exists post CASCADE 
Hibernate: drop table if exists post_hashtags CASCADE 
Hibernate: drop table if exists topic CASCADE 
Hibernate: drop sequence if exists hibernate_sequence
Hibernate: create sequence hibernate_sequence start with 1 increment by 1
Hibernate: create table hashtag (id bigint not null, name varchar(255), primary key (id))
Hibernate: create table post (id bigint not null, author varchar(255), content clob, title varchar(255), topic_id bigint, primary key (id))
Hibernate: create table post_hashtags (posts_id bigint not null, hashtags_id bigint not null)
Hibernate: create table topic (id bigint not null, name varchar(255), primary key (id))
Hibernate: alter table post add constraint FKg8ln3nj8tjclai0nuvpw5s5uw foreign key (topic_id) references topic
Hibernate: alter table post_hashtags add constraint FKnb0png85j6xbq3r6i29datchx foreign key (hashtags_id) references hashtag
Hibernate: alter table post_hashtags add constraint FKc0c4t0420n98b6e56c0ecfhgo foreign key (posts_id) references post
2021-08-01 19:09:02.845  INFO 16896 --- [    Test worker] o.h.e.t.j.p.i.JtaPlatformInitiator       : HHH000490: Using JtaPlatform implementation: [org.hibernate.engine.transaction.jta.platform.internal.NoJtaPlatform]
2021-08-01 19:09:02.873  INFO 16896 --- [    Test worker] j.LocalContainerEntityManagerFactoryBean : Initialized JPA EntityManagerFactory for persistence unit 'default'
2021-08-01 19:09:04.126  INFO 16896 --- [    Test worker] c.s.blog.integration.JpaWiringTest       : Started JpaWiringTest in 7.825 seconds (JVM running for 11.049)
2021-08-01 19:09:04.191  INFO 16896 --- [    Test worker] o.s.t.c.transaction.TransactionContext   : Began transaction (1) for test context [DefaultTestContext@8e6361a testClass = JpaWiringTest, testInstance = com.survivingcodingbootcamp.blog.integration.JpaWiringTest@4d04c0fc, testMethod = postsShouldHaveATopic@JpaWiringTest, testException = [null], mergedContextConfiguration = [MergedContextConfiguration@1fc4e15c testClass = JpaWiringTest, locations = '{}', classes = '{class com.survivingcodingbootcamp.blog.BlogApplication}', contextInitializerClasses = '[]', activeProfiles = '{}', propertySourceLocations = '{}', propertySourceProperties = '{org.springframework.boot.test.autoconfigure.orm.jpa.DataJpaTestContextBootstrapper=true}', contextCustomizers = set[org.springframework.boot.test.autoconfigure.OverrideAutoConfigurationContextCustomizerFactory$DisableAutoConfigurationContextCustomizer@10d98d9c, org.springframework.boot.test.autoconfigure.actuate.metrics.MetricsExportContextCustomizerFactory$DisableMetricExportContextCustomizer@51b3ffdc, org.springframework.boot.test.autoconfigure.filter.TypeExcludeFiltersContextCustomizer@351584c0, org.springframework.boot.test.autoconfigure.properties.PropertyMappingContextCustomizer@b119fffa, org.springframework.boot.test.autoconfigure.web.servlet.WebDriverContextCustomizerFactory$Customizer@2121f64a, [ImportsContextCustomizer@5895dac7 key = [org.springframework.boot.autoconfigure.cache.CacheAutoConfiguration, org.springframework.boot.autoconfigure.data.jpa.JpaRepositoriesAutoConfiguration, org.springframework.boot.autoconfigure.flyway.FlywayAutoConfiguration, org.springframework.boot.autoconfigure.jdbc.DataSourceAutoConfiguration, org.springframework.boot.autoconfigure.jdbc.DataSourceTransactionManagerAutoConfiguration, org.springframework.boot.autoconfigure.jdbc.JdbcTemplateAutoConfiguration, org.springframework.boot.autoconfigure.liquibase.LiquibaseAutoConfiguration, org.springframework.boot.autoconfigure.orm.jpa.HibernateJpaAutoConfiguration, org.springframework.boot.autoconfigure.transaction.TransactionAutoConfiguration, org.springframework.boot.test.autoconfigure.jdbc.TestDatabaseAutoConfiguration, org.springframework.boot.test.autoconfigure.orm.jpa.TestEntityManagerAutoConfiguration]], org.springframework.boot.test.context.filter.ExcludeFilterContextCustomizer@79737661, org.springframework.boot.test.json.DuplicateJsonObjectContextCustomizerFactory$DuplicateJsonObjectContextCustomizer@6f7a9862, org.springframework.boot.test.mock.mockito.MockitoContextCustomizer@0, org.springframework.boot.test.context.SpringBootTestArgs@1, org.springframework.boot.test.context.SpringBootTestWebEnvironment@0], contextLoader = 'org.springframework.boot.test.context.SpringBootContextLoader', parent = [null]], attributes = map['org.springframework.test.context.event.ApplicationEventsTestExecutionListener.recordApplicationEvents' -> false]]; transaction manager [org.springframework.orm.jpa.JpaTransactionManager@1958bacf]; rollback [true]
Hibernate: call next value for hibernate_sequence
Hibernate: call next value for hibernate_sequence
Hibernate: call next value for hibernate_sequence
Hibernate: insert into topic (name, id) values (?, ?)
Hibernate: insert into post (author, content, title, topic_id, id) values (?, ?, ?, ?, ?)
Hibernate: insert into post (author, content, title, topic_id, id) values (?, ?, ?, ?, ?)
Hibernate: select topic0_.id as id1_3_0_, topic0_.name as name2_3_0_ from topic topic0_ where topic0_.id=?
Hibernate: select posts0_.topic_id as topic_id5_1_0_, posts0_.id as id1_1_0_, posts0_.id as id1_1_1_, posts0_.author as author2_1_1_, posts0_.content as content3_1_1_, posts0_.title as title4_1_1_, posts0_.topic_id as topic_id5_1_1_ from post posts0_ where posts0_.topic_id=?
2021-08-01 19:09:04.863  INFO 16896 --- [    Test worker] o.s.t.c.transaction.TransactionContext   : Rolled back transaction for test: [DefaultTestContext@8e6361a testClass = JpaWiringTest, testInstance = com.survivingcodingbootcamp.blog.integration.JpaWiringTest@4d04c0fc, testMethod = postsShouldHaveATopic@JpaWiringTest, testException = [null], mergedContextConfiguration = [MergedContextConfiguration@1fc4e15c testClass = JpaWiringTest, locations = '{}', classes = '{class com.survivingcodingbootcamp.blog.BlogApplication}', contextInitializerClasses = '[]', activeProfiles = '{}', propertySourceLocations = '{}', propertySourceProperties = '{org.springframework.boot.test.autoconfigure.orm.jpa.DataJpaTestContextBootstrapper=true}', contextCustomizers = set[org.springframework.boot.test.autoconfigure.OverrideAutoConfigurationContextCustomizerFactory$DisableAutoConfigurationContextCustomizer@10d98d9c, org.springframework.boot.test.autoconfigure.actuate.metrics.MetricsExportContextCustomizerFactory$DisableMetricExportContextCustomizer@51b3ffdc, org.springframework.boot.test.autoconfigure.filter.TypeExcludeFiltersContextCustomizer@351584c0, org.springframework.boot.test.autoconfigure.properties.PropertyMappingContextCustomizer@b119fffa, org.springframework.boot.test.autoconfigure.web.servlet.WebDriverContextCustomizerFactory$Customizer@2121f64a, [ImportsContextCustomizer@5895dac7 key = [org.springframework.boot.autoconfigure.cache.CacheAutoConfiguration, org.springframework.boot.autoconfigure.data.jpa.JpaRepositoriesAutoConfiguration, org.springframework.boot.autoconfigure.flyway.FlywayAutoConfiguration, org.springframework.boot.autoconfigure.jdbc.DataSourceAutoConfiguration, org.springframework.boot.autoconfigure.jdbc.DataSourceTransactionManagerAutoConfiguration, org.springframework.boot.autoconfigure.jdbc.JdbcTemplateAutoConfiguration, org.springframework.boot.autoconfigure.liquibase.LiquibaseAutoConfiguration, org.springframework.boot.autoconfigure.orm.jpa.HibernateJpaAutoConfiguration, org.springframework.boot.autoconfigure.transaction.TransactionAutoConfiguration, org.springframework.boot.test.autoconfigure.jdbc.TestDatabaseAutoConfiguration, org.springframework.boot.test.autoconfigure.orm.jpa.TestEntityManagerAutoConfiguration]], org.springframework.boot.test.context.filter.ExcludeFilterContextCustomizer@79737661, org.springframework.boot.test.json.DuplicateJsonObjectContextCustomizerFactory$DuplicateJsonObjectContextCustomizer@6f7a9862, org.springframework.boot.test.mock.mockito.MockitoContextCustomizer@0, org.springframework.boot.test.context.SpringBootTestArgs@1, org.springframework.boot.test.context.SpringBootTestWebEnvironment@0], contextLoader = 'org.springframework.boot.test.context.SpringBootContextLoader', parent = [null]], attributes = map['org.springframework.test.context.event.ApplicationEventsTestExecutionListener.recordApplicationEvents' -> false]]
]]></system-out>
  <system-err><![CDATA[]]></system-err>
</testsuite>
